<?xml version="1.0" encoding="UTF-8"?>
<!-- Generated by org.testng.reporters.JUnitReportReporter -->
<testsuite skipped="0" hostname="Madhav-PC" name="maven.org.com.MavenProject.NewTest" tests="1" failures="0" timestamp="20 Aug 2017 11:56:21 GMT" time="14.711" errors="0">
  <testcase name="f" time="14.711" classname="maven.org.com.MavenProject.NewTest"/>
</testsuite> <!-- maven.org.com.MavenProject.NewTest -->
